[0713/203407.088:ERROR:process_memory_win.cc(73)] ReadMemory at 0x7ff64c4f0000 of 64 bytes failed: Only part of a ReadProcessMemory or WriteProcessMemory request was completed. (0x12B)
[0713/203407.249:WARNING:pe_image_reader.cc(340)] could not read dos header from C:\Program Files (x86)\Google\Chrome\Application\chrome.exe
[0713/203407.249:ERROR:process_memory_win.cc(73)] ReadMemory at 0x7ff9653a0000 of 64 bytes failed: Only part of a ReadProcessMemory or WriteProcessMemory request was completed. (0x12B)
[0713/203407.249:WARNING:pe_image_reader.cc(340)] could not read dos header from C:\Windows\SYSTEM32\ntdll.dll
[0713/203407.249:ERROR:process_memory_win.cc(73)] ReadMemory at 0x7ff962ae0000 of 64 bytes failed: Only part of a ReadProcessMemory or WriteProcessMemory request was completed. (0x12B)
[0713/203407.249:WARNING:pe_image_reader.cc(340)] could not read dos header from C:\Windows\System32\KERNEL32.DLL
[0713/203407.249:ERROR:process_memory_win.cc(73)] ReadMemory at 0x7ff961590000 of 64 bytes failed: Only part of a ReadProcessMemory or WriteProcessMemory request was completed. (0x12B)
[0713/203407.249:WARNING:pe_image_reader.cc(340)] could not read dos header from C:\Windows\System32\KERNELBASE.dll
[0713/203407.249:ERROR:process_memory_win.cc(73)] ReadMemory at 0x7ff93e0d0000 of 64 bytes failed: Only part of a ReadProcessMemory or WriteProcessMemory request was completed. (0x12B)
[0713/203407.249:WARNING:pe_image_reader.cc(340)] could not read dos header from C:\Program Files (x86)\Google\Chrome\Application\83.0.4103.116\chrome_elf.dll
[0713/203407.249:ERROR:process_memory_win.cc(73)] ReadMemory at 0x7ff9556c0000 of 64 bytes failed: Only part of a ReadProcessMemory or WriteProcessMemory request was completed. (0x12B)
[0713/203407.249:WARNING:pe_image_reader.cc(340)] could not read dos header from C:\Windows\SYSTEM32\VERSION.dll
[0713/203407.249:ERROR:process_memory_win.cc(73)] ReadMemory at 0x7ff963510000 of 64 bytes failed: Only part of a ReadProcessMemory or WriteProcessMemory request was completed. (0x12B)
[0713/203407.249:WARNING:pe_image_reader.cc(340)] could not read dos header from C:\Windows\System32\msvcrt.dll
[0713/203407.249:ERROR:process_memory_win.cc(73)] ReadMemory at 0x7ff961c10000 of 64 bytes failed: Only part of a ReadProcessMemory or WriteProcessMemory request was completed. (0x12B)
[0713/203407.249:WARNING:pe_image_reader.cc(340)] could not read dos header from C:\Windows\System32\bcryptPrimitives.dll
[0713/203407.249:ERROR:process_memory_win.cc(73)] ReadMemory at 0x7ff9652c0000 of 64 bytes failed: Only part of a ReadProcessMemory or WriteProcessMemory request was completed. (0x12B)
[0713/203407.249:WARNING:pe_image_reader.cc(340)] could not read dos header from C:\Windows\System32\ADVAPI32.dll
[0713/203407.249:ERROR:process_memory_win.cc(73)] ReadMemory at 0x7ff963380000 of 64 bytes failed: Only part of a ReadProcessMemory or WriteProcessMemory request was completed. (0x12B)
[0713/203407.249:WARNING:pe_image_reader.cc(340)] could not read dos header from C:\Windows\System32\sechost.dll
[0713/203407.249:ERROR:process_memory_win.cc(73)] ReadMemory at 0x7ff9625e0000 of 64 bytes failed: Only part of a ReadProcessMemory or WriteProcessMemory request was completed. (0x12B)
[0713/203407.249:WARNING:pe_image_reader.cc(340)] could not read dos header from C:\Windows\System32\RPCRT4.dll
[0713/203407.249:ERROR:process_memory_win.cc(73)] ReadMemory at 0x7ff90d5a0000 of 64 bytes failed: Only part of a ReadProcessMemory or WriteProcessMemory request was completed. (0x12B)
[0713/203407.249:WARNING:pe_image_reader.cc(340)] could not read dos header from C:\Program Files (x86)\Google\Chrome\Application\83.0.4103.116\chrome.dll
[0713/203407.249:ERROR:process_memory_win.cc(73)] ReadMemory at 0x7ff963d50000 of 64 bytes failed: Only part of a ReadProcessMemory or WriteProcessMemory request was completed. (0x12B)
[0713/203407.249:WARNING:pe_image_reader.cc(340)] could not read dos header from C:\Windows\System32\WS2_32.dll
[0713/203407.249:ERROR:process_memory_win.cc(73)] ReadMemory at 0x7ff962710000 of 64 bytes failed: Only part of a ReadProcessMemory or WriteProcessMemory request was completed. (0x12B)
[0713/203407.249:WARNING:pe_image_reader.cc(340)] could not read dos header from C:\Windows\System32\OLEAUT32.dll
[0713/203407.249:ERROR:process_memory_win.cc(73)] ReadMemory at 0x7ff961960000 of 64 bytes failed: Only part of a ReadProcessMemory or WriteProcessMemory request was completed. (0x12B)
[0713/203407.249:WARNING:pe_image_reader.cc(340)] could not read dos header from C:\Windows\System32\msvcp_win.dll
[0713/203407.249:ERROR:process_memory_win.cc(73)] ReadMemory at 0x7ff961830000 of 64 bytes failed: Only part of a ReadProcessMemory or WriteProcessMemory request was completed. (0x12B)
[0713/203407.249:WARNING:pe_image_reader.cc(340)] could not read dos header from C:\Windows\System32\ucrtbase.dll
[0713/203407.249:ERROR:process_memory_win.cc(73)] ReadMemory at 0x7ff962e10000 of 64 bytes failed: Only part of a ReadProcessMemory or WriteProcessMemory request was completed. (0x12B)
[0713/203407.249:WARNING:pe_image_reader.cc(340)] could not read dos header from C:\Windows\System32\combase.dll
[0713/203407.249:ERROR:process_memory_win.cc(73)] ReadMemory at 0x7ff961460000 of 64 bytes failed: Only part of a ReadProcessMemory or WriteProcessMemory request was completed. (0x12B)
[0713/203407.249:WARNING:pe_image_reader.cc(340)] could not read dos header from C:\Windows\System32\WINTRUST.dll
[0713/203407.249:ERROR:process_memory_win.cc(73)] ReadMemory at 0x7ff961440000 of 64 bytes failed: Only part of a ReadProcessMemory or WriteProcessMemory request was completed. (0x12B)
[0713/203407.249:WARNING:pe_image_reader.cc(340)] could not read dos header from C:\Windows\System32\MSASN1.dll
[0713/203407.249:ERROR:process_memory_win.cc(73)] ReadMemory at 0x7ff9623e0000 of 64 bytes failed: Only part of a ReadProcessMemory or WriteProcessMemory request was completed. (0x12B)
[0713/203407.249:WARNING:pe_image_reader.cc(340)] could not read dos header from C:\Windows\System32\CRYPT32.dll
[0713/203407.249:ERROR:process_memory_win.cc(73)] ReadMemory at 0x7ff960910000 of 64 bytes failed: Only part of a ReadProcessMemory or WriteProcessMemory request was completed. (0x12B)
[0713/203407.249:WARNING:pe_image_reader.cc(340)] could not read dos header from C:\Windows\SYSTEM32\IPHLPAPI.DLL
[0713/203407.249:ERROR:process_memory_win.cc(73)] ReadMemory at 0x7ff95ea30000 of 64 bytes failed: Only part of a ReadProcessMemory or WriteProcessMemory request was completed. (0x12B)
[0713/203407.249:WARNING:pe_image_reader.cc(340)] could not read dos header from C:\Windows\SYSTEM32\WINMM.dll
[0713/203407.249:ERROR:process_memory_win.cc(73)] ReadMemory at 0x7ff94e150000 of 64 bytes failed: Only part of a ReadProcessMemory or WriteProcessMemory request was completed. (0x12B)
[0713/203407.249:WARNING:pe_image_reader.cc(340)] could not read dos header from C:\Windows\SYSTEM32\Secur32.dll
[0713/203407.249:ERROR:process_memory_win.cc(73)] ReadMemory at 0x7ff961280000 of 64 bytes failed: Only part of a ReadProcessMemory or WriteProcessMemory request was completed. (0x12B)
[0713/203407.249:WARNING:pe_image_reader.cc(340)] could not read dos header from C:\Windows\SYSTEM32\USERENV.dll
[0713/203407.249:ERROR:process_memory_win.cc(73)] ReadMemory at 0x7ff961390000 of 64 bytes failed: Only part of a ReadProcessMemory or WriteProcessMemory request was completed. (0x12B)
[0713/203407.249:WARNING:pe_image_reader.cc(340)] could not read dos header from C:\Windows\System32\profapi.dll
[0713/203407.249:ERROR:process_memory_win.cc(73)] ReadMemory at 0x7ff93eea0000 of 64 bytes failed: Only part of a ReadProcessMemory or WriteProcessMemory request was completed. (0x12B)
[0713/203407.249:WARNING:pe_image_reader.cc(340)] could not read dos header from C:\Windows\SYSTEM32\UIAutomationCore.DLL
[0713/203407.249:ERROR:process_memory_win.cc(73)] ReadMemory at 0x7ff947860000 of 64 bytes failed: Only part of a ReadProcessMemory or WriteProcessMemory request was completed. (0x12B)
[0713/203407.249:WARNING:pe_image_reader.cc(340)] could not read dos header from C:\Windows\SYSTEM32\DWrite.dll
[0713/203407.259:ERROR:process_memory_win.cc(73)] ReadMemory at 0x7ff93c190000 of 64 bytes failed: Only part of a ReadProcessMemory or WriteProcessMemory request was completed. (0x12B)
[0713/203407.259:WARNING:pe_image_reader.cc(340)] could not read dos header from C:\Windows\SYSTEM32\WINSPOOL.DRV
[0713/203407.259:ERROR:process_memory_win.cc(73)] ReadMemory at 0x7ff9613c0000 of 64 bytes failed: Only part of a ReadProcessMemory or WriteProcessMemory request was completed. (0x12B)
[0713/203407.259:WARNING:pe_image_reader.cc(340)] could not read dos header from C:\Windows\System32\kernel.appcore.dll
[0713/203407.259:ERROR:process_memory_win.cc(73)] ReadMemory at 0x7ff961930000 of 64 bytes failed: Only part of a ReadProcessMemory or WriteProcessMemory request was completed. (0x12B)
[0713/203407.259:WARNING:pe_image_reader.cc(340)] could not read dos header from C:\Windows\System32\bcrypt.dll
[0713/203407.259:ERROR:process_memory_win.cc(73)] ReadMemory at 0x7ff95fd20000 of 64 bytes failed: Only part of a ReadProcessMemory or WriteProcessMemory request was completed. (0x12B)
[0713/203407.259:WARNING:pe_image_reader.cc(340)] could not read dos header from C:\Windows\SYSTEM32\dbghelp.dll
[0713/203407.259:ERROR:process_memory_win.cc(73)] ReadMemory at 0x7ff953ff0000 of 64 bytes failed: Only part of a ReadProcessMemory or WriteProcessMemory request was completed. (0x12B)
[0713/203407.259:WARNING:pe_image_reader.cc(340)] could not read dos header from C:\Windows\SYSTEM32\WINHTTP.dll
[0713/203407.259:ERROR:process_memory_win.cc(73)] ReadMemory at 0x7ff954730000 of 64 bytes failed: Only part of a ReadProcessMemory or WriteProcessMemory request was completed. (0x12B)
[0713/203407.259:WARNING:pe_image_reader.cc(340)] could not read dos header from C:\Windows\SYSTEM32\dhcpcsvc.DLL
[0713/203407.259:ERROR:process_memory_win.cc(73)] ReadMemory at 0x7ff963420000 of 64 bytes failed: Only part of a ReadProcessMemory or WriteProcessMemory request was completed. (0x12B)
[0713/203407.259:WARNING:pe_image_reader.cc(340)] could not read dos header from C:\Windows\System32\NSI.dll
[0713/203407.259:ERROR:process_memory_win.cc(73)] ReadMemory at 0x7ff95e830000 of 64 bytes failed: Only part of a ReadProcessMemory or WriteProcessMemory request was completed. (0x12B)
[0713/203407.259:WARNING:pe_image_reader.cc(340)] could not read dos header from C:\Windows\SYSTEM32\WINMMBASE.dll
[0713/203407.259:ERROR:process_memory_win.cc(73)] ReadMemory at 0x7ff961bc0000 of 64 bytes failed: Only part of a ReadProcessMemory or WriteProcessMemory request was completed. (0x12B)
[0713/203407.259:WARNING:pe_image_reader.cc(340)] could not read dos header from C:\Windows\System32\cfgmgr32.dll
[0713/203407.259:ERROR:process_memory_win.cc(73)] ReadMemory at 0x7ff951d00000 of 64 bytes failed: Only part of a ReadProcessMemory or WriteProcessMemory request was completed. (0x12B)
[0713/203407.259:WARNING:pe_image_reader.cc(340)] could not read dos header from C:\Windows\SYSTEM32\Bcp47Langs.dll
[0713/203407.259:ERROR:process_memory_win.cc(73)] ReadMemory at 0x7ff95fa50000 of 64 bytes failed: Only part of a ReadProcessMemory or WriteProcessMemory request was completed. (0x12B)
[0713/203407.259:WARNING:pe_image_reader.cc(340)] could not read dos header from C:\Windows\SYSTEM32\PROPSYS.dll
[0713/203407.259:ERROR:process_memory_win.cc(73)] ReadMemory at 0x7ff963ca0000 of 64 bytes failed: Only part of a ReadProcessMemory or WriteProcessMemory request was completed. (0x12B)
[0713/203407.259:WARNING:pe_image_reader.cc(340)] could not read dos header from C:\Windows\System32\shcore.dll
[0713/203407.259:ERROR:process_memory_win.cc(73)] ReadMemory at 0x7ff9612b0000 of 64 bytes failed: Only part of a ReadProcessMemory or WriteProcessMemory request was completed. (0x12B)
[0713/203407.259:WARNING:pe_image_reader.cc(340)] could not read dos header from C:\Windows\SYSTEM32\SSPICLI.DLL
[0713/203407.259:ERROR:process_memory_win.cc(73)] ReadMemory at 0x7ff960dc0000 of 64 bytes failed: Only part of a ReadProcessMemory or WriteProcessMemory request was completed. (0x12B)
[0713/203407.259:WARNING:pe_image_reader.cc(340)] could not read dos header from C:\Windows\SYSTEM32\CRYPTBASE.DLL
[0713/203407.278:ERROR:process_memory_win.cc(73)] ReadMemory at 0x7ff64c4f0000 of 64 bytes failed: Only part of a ReadProcessMemory or WriteProcessMemory request was completed. (0x12B)
[0713/203407.278:WARNING:pe_image_reader.cc(340)] could not read dos header from C:\Program Files (x86)\Google\Chrome\Application\chrome.exe
[0713/203407.278:ERROR:process_memory_win.cc(73)] ReadMemory at 0x7ff9653a0000 of 64 bytes failed: Only part of a ReadProcessMemory or WriteProcessMemory request was completed. (0x12B)
[0713/203407.278:WARNING:pe_image_reader.cc(340)] could not read dos header from C:\Windows\SYSTEM32\ntdll.dll
[0713/203407.278:ERROR:process_memory_win.cc(73)] ReadMemory at 0x7ff962ae0000 of 64 bytes failed: Only part of a ReadProcessMemory or WriteProcessMemory request was completed. (0x12B)
[0713/203407.278:WARNING:pe_image_reader.cc(340)] could not read dos header from C:\Windows\System32\KERNEL32.DLL
[0713/203407.278:ERROR:process_memory_win.cc(73)] ReadMemory at 0x7ff961590000 of 64 bytes failed: Only part of a ReadProcessMemory or WriteProcessMemory request was completed. (0x12B)
[0713/203407.278:WARNING:pe_image_reader.cc(340)] could not read dos header from C:\Windows\System32\KERNELBASE.dll
[0713/203407.278:ERROR:process_memory_win.cc(73)] ReadMemory at 0x7ff93e0d0000 of 64 bytes failed: Only part of a ReadProcessMemory or WriteProcessMemory request was completed. (0x12B)
[0713/203407.278:WARNING:pe_image_reader.cc(340)] could not read dos header from C:\Program Files (x86)\Google\Chrome\Application\83.0.4103.116\chrome_elf.dll
[0713/203407.278:ERROR:process_memory_win.cc(73)] ReadMemory at 0x7ff9556c0000 of 64 bytes failed: Only part of a ReadProcessMemory or WriteProcessMemory request was completed. (0x12B)
[0713/203407.278:WARNING:pe_image_reader.cc(340)] could not read dos header from C:\Windows\SYSTEM32\VERSION.dll
[0713/203407.278:ERROR:process_memory_win.cc(73)] ReadMemory at 0x7ff963510000 of 64 bytes failed: Only part of a ReadProcessMemory or WriteProcessMemory request was completed. (0x12B)
[0713/203407.278:WARNING:pe_image_reader.cc(340)] could not read dos header from C:\Windows\System32\msvcrt.dll
[0713/203407.278:ERROR:process_memory_win.cc(73)] ReadMemory at 0x7ff961c10000 of 64 bytes failed: Only part of a ReadProcessMemory or WriteProcessMemory request was completed. (0x12B)
[0713/203407.278:WARNING:pe_image_reader.cc(340)] could not read dos header from C:\Windows\System32\bcryptPrimitives.dll
[0713/203407.278:ERROR:process_memory_win.cc(73)] ReadMemory at 0x7ff9652c0000 of 64 bytes failed: Only part of a ReadProcessMemory or WriteProcessMemory request was completed. (0x12B)
[0713/203407.278:WARNING:pe_image_reader.cc(340)] could not read dos header from C:\Windows\System32\ADVAPI32.dll
[0713/203407.278:ERROR:process_memory_win.cc(73)] ReadMemory at 0x7ff963380000 of 64 bytes failed: Only part of a ReadProcessMemory or WriteProcessMemory request was completed. (0x12B)
[0713/203407.278:WARNING:pe_image_reader.cc(340)] could not read dos header from C:\Windows\System32\sechost.dll
[0713/203407.278:ERROR:process_memory_win.cc(73)] ReadMemory at 0x7ff9625e0000 of 64 bytes failed: Only part of a ReadProcessMemory or WriteProcessMemory request was completed. (0x12B)
[0713/203407.278:WARNING:pe_image_reader.cc(340)] could not read dos header from C:\Windows\System32\RPCRT4.dll
[0713/203407.278:ERROR:process_memory_win.cc(73)] ReadMemory at 0x7ff90d5a0000 of 64 bytes failed: Only part of a ReadProcessMemory or WriteProcessMemory request was completed. (0x12B)
[0713/203407.278:WARNING:pe_image_reader.cc(340)] could not read dos header from C:\Program Files (x86)\Google\Chrome\Application\83.0.4103.116\chrome.dll
[0713/203407.279:ERROR:process_memory_win.cc(73)] ReadMemory at 0x7ff963d50000 of 64 bytes failed: Only part of a ReadProcessMemory or WriteProcessMemory request was completed. (0x12B)
[0713/203407.279:WARNING:pe_image_reader.cc(340)] could not read dos header from C:\Windows\System32\WS2_32.dll
[0713/203407.279:ERROR:process_memory_win.cc(73)] ReadMemory at 0x7ff962710000 of 64 bytes failed: Only part of a ReadProcessMemory or WriteProcessMemory request was completed. (0x12B)
[0713/203407.279:WARNING:pe_image_reader.cc(340)] could not read dos header from C:\Windows\System32\OLEAUT32.dll
[0713/203407.279:ERROR:process_memory_win.cc(73)] ReadMemory at 0x7ff961960000 of 64 bytes failed: Only part of a ReadProcessMemory or WriteProcessMemory request was completed. (0x12B)
[0713/203407.279:WARNING:pe_image_reader.cc(340)] could not read dos header from C:\Windows\System32\msvcp_win.dll
[0713/203407.279:ERROR:process_memory_win.cc(73)] ReadMemory at 0x7ff961830000 of 64 bytes failed: Only part of a ReadProcessMemory or WriteProcessMemory request was completed. (0x12B)
[0713/203407.279:WARNING:pe_image_reader.cc(340)] could not read dos header from C:\Windows\System32\ucrtbase.dll
[0713/203407.279:ERROR:process_memory_win.cc(73)] ReadMemory at 0x7ff962e10000 of 64 bytes failed: Only part of a ReadProcessMemory or WriteProcessMemory request was completed. (0x12B)
[0713/203407.279:WARNING:pe_image_reader.cc(340)] could not read dos header from C:\Windows\System32\combase.dll
[0713/203407.279:ERROR:process_memory_win.cc(73)] ReadMemory at 0x7ff961460000 of 64 bytes failed: Only part of a ReadProcessMemory or WriteProcessMemory request was completed. (0x12B)
[0713/203407.279:WARNING:pe_image_reader.cc(340)] could not read dos header from C:\Windows\System32\WINTRUST.dll
[0713/203407.279:ERROR:process_memory_win.cc(73)] ReadMemory at 0x7ff961440000 of 64 bytes failed: Only part of a ReadProcessMemory or WriteProcessMemory request was completed. (0x12B)
[0713/203407.279:WARNING:pe_image_reader.cc(340)] could not read dos header from C:\Windows\System32\MSASN1.dll
[0713/203407.279:ERROR:process_memory_win.cc(73)] ReadMemory at 0x7ff9623e0000 of 64 bytes failed: Only part of a ReadProcessMemory or WriteProcessMemory request was completed. (0x12B)
[0713/203407.279:WARNING:pe_image_reader.cc(340)] could not read dos header from C:\Windows\System32\CRYPT32.dll
[0713/203407.279:ERROR:process_memory_win.cc(73)] ReadMemory at 0x7ff960910000 of 64 bytes failed: Only part of a ReadProcessMemory or WriteProcessMemory request was completed. (0x12B)
[0713/203407.279:WARNING:pe_image_reader.cc(340)] could not read dos header from C:\Windows\SYSTEM32\IPHLPAPI.DLL
[0713/203407.279:ERROR:process_memory_win.cc(73)] ReadMemory at 0x7ff95ea30000 of 64 bytes failed: Only part of a ReadProcessMemory or WriteProcessMemory request was completed. (0x12B)
[0713/203407.279:WARNING:pe_image_reader.cc(340)] could not read dos header from C:\Windows\SYSTEM32\WINMM.dll
[0713/203407.279:ERROR:process_memory_win.cc(73)] ReadMemory at 0x7ff94e150000 of 64 bytes failed: Only part of a ReadProcessMemory or WriteProcessMemory request was completed. (0x12B)
[0713/203407.279:WARNING:pe_image_reader.cc(340)] could not read dos header from C:\Windows\SYSTEM32\Secur32.dll
[0713/203407.279:ERROR:process_memory_win.cc(73)] ReadMemory at 0x7ff961280000 of 64 bytes failed: Only part of a ReadProcessMemory or WriteProcessMemory request was completed. (0x12B)
[0713/203407.279:WARNING:pe_image_reader.cc(340)] could not read dos header from C:\Windows\SYSTEM32\USERENV.dll
[0713/203407.279:ERROR:process_memory_win.cc(73)] ReadMemory at 0x7ff961390000 of 64 bytes failed: Only part of a ReadProcessMemory or WriteProcessMemory request was completed. (0x12B)
[0713/203407.279:WARNING:pe_image_reader.cc(340)] could not read dos header from C:\Windows\System32\profapi.dll
[0713/203407.279:ERROR:process_memory_win.cc(73)] ReadMemory at 0x7ff93eea0000 of 64 bytes failed: Only part of a ReadProcessMemory or WriteProcessMemory request was completed. (0x12B)
[0713/203407.279:WARNING:pe_image_reader.cc(340)] could not read dos header from C:\Windows\SYSTEM32\UIAutomationCore.DLL
[0713/203407.279:ERROR:process_memory_win.cc(73)] ReadMemory at 0x7ff947860000 of 64 bytes failed: Only part of a ReadProcessMemory or WriteProcessMemory request was completed. (0x12B)
[0713/203407.279:WARNING:pe_image_reader.cc(340)] could not read dos header from C:\Windows\SYSTEM32\DWrite.dll
[0713/203407.279:ERROR:process_memory_win.cc(73)] ReadMemory at 0x7ff93c190000 of 64 bytes failed: Only part of a ReadProcessMemory or WriteProcessMemory request was completed. (0x12B)
[0713/203407.279:WARNING:pe_image_reader.cc(340)] could not read dos header from C:\Windows\SYSTEM32\WINSPOOL.DRV
[0713/203407.279:ERROR:process_memory_win.cc(73)] ReadMemory at 0x7ff9613c0000 of 64 bytes failed: Only part of a ReadProcessMemory or WriteProcessMemory request was completed. (0x12B)
[0713/203407.279:WARNING:pe_image_reader.cc(340)] could not read dos header from C:\Windows\System32\kernel.appcore.dll
[0713/203407.279:ERROR:process_memory_win.cc(73)] ReadMemory at 0x7ff961930000 of 64 bytes failed: Only part of a ReadProcessMemory or WriteProcessMemory request was completed. (0x12B)
[0713/203407.279:WARNING:pe_image_reader.cc(340)] could not read dos header from C:\Windows\System32\bcrypt.dll
[0713/203407.279:ERROR:process_memory_win.cc(73)] ReadMemory at 0x7ff95fd20000 of 64 bytes failed: Only part of a ReadProcessMemory or WriteProcessMemory request was completed. (0x12B)
[0713/203407.279:WARNING:pe_image_reader.cc(340)] could not read dos header from C:\Windows\SYSTEM32\dbghelp.dll
[0713/203407.279:ERROR:process_memory_win.cc(73)] ReadMemory at 0x7ff953ff0000 of 64 bytes failed: Only part of a ReadProcessMemory or WriteProcessMemory request was completed. (0x12B)
[0713/203407.279:WARNING:pe_image_reader.cc(340)] could not read dos header from C:\Windows\SYSTEM32\WINHTTP.dll
[0713/203407.279:ERROR:process_memory_win.cc(73)] ReadMemory at 0x7ff954730000 of 64 bytes failed: Only part of a ReadProcessMemory or WriteProcessMemory request was completed. (0x12B)
[0713/203407.279:WARNING:pe_image_reader.cc(340)] could not read dos header from C:\Windows\SYSTEM32\dhcpcsvc.DLL
[0713/203407.279:ERROR:process_memory_win.cc(73)] ReadMemory at 0x7ff963420000 of 64 bytes failed: Only part of a ReadProcessMemory or WriteProcessMemory request was completed. (0x12B)
[0713/203407.279:WARNING:pe_image_reader.cc(340)] could not read dos header from C:\Windows\System32\NSI.dll
[0713/203407.279:ERROR:process_memory_win.cc(73)] ReadMemory at 0x7ff95e830000 of 64 bytes failed: Only part of a ReadProcessMemory or WriteProcessMemory request was completed. (0x12B)
[0713/203407.279:WARNING:pe_image_reader.cc(340)] could not read dos header from C:\Windows\SYSTEM32\WINMMBASE.dll
[0713/203407.279:ERROR:process_memory_win.cc(73)] ReadMemory at 0x7ff961bc0000 of 64 bytes failed: Only part of a ReadProcessMemory or WriteProcessMemory request was completed. (0x12B)
[0713/203407.279:WARNING:pe_image_reader.cc(340)] could not read dos header from C:\Windows\System32\cfgmgr32.dll
[0713/203407.279:ERROR:process_memory_win.cc(73)] ReadMemory at 0x7ff951d00000 of 64 bytes failed: Only part of a ReadProcessMemory or WriteProcessMemory request was completed. (0x12B)
[0713/203407.279:WARNING:pe_image_reader.cc(340)] could not read dos header from C:\Windows\SYSTEM32\Bcp47Langs.dll
[0713/203407.279:ERROR:process_memory_win.cc(73)] ReadMemory at 0x7ff95fa50000 of 64 bytes failed: Only part of a ReadProcessMemory or WriteProcessMemory request was completed. (0x12B)
[0713/203407.279:WARNING:pe_image_reader.cc(340)] could not read dos header from C:\Windows\SYSTEM32\PROPSYS.dll
[0713/203407.279:ERROR:process_memory_win.cc(73)] ReadMemory at 0x7ff963ca0000 of 64 bytes failed: Only part of a ReadProcessMemory or WriteProcessMemory request was completed. (0x12B)
[0713/203407.279:WARNING:pe_image_reader.cc(340)] could not read dos header from C:\Windows\System32\shcore.dll
[0713/203407.279:ERROR:process_memory_win.cc(73)] ReadMemory at 0x7ff9612b0000 of 64 bytes failed: Only part of a ReadProcessMemory or WriteProcessMemory request was completed. (0x12B)
[0713/203407.279:WARNING:pe_image_reader.cc(340)] could not read dos header from C:\Windows\SYSTEM32\SSPICLI.DLL
[0713/203407.279:ERROR:process_memory_win.cc(73)] ReadMemory at 0x7ff960dc0000 of 64 bytes failed: Only part of a ReadProcessMemory or WriteProcessMemory request was completed. (0x12B)
[0713/203407.279:WARNING:pe_image_reader.cc(340)] could not read dos header from C:\Windows\SYSTEM32\CRYPTBASE.DLL
[0713/203407.279:ERROR:process_memory_win.cc(73)] ReadMemory at 0x7ff64c4f0000 of 64 bytes failed: Only part of a ReadProcessMemory or WriteProcessMemory request was completed. (0x12B)
[0713/203407.279:WARNING:pe_image_reader.cc(340)] could not read dos header from C:\Program Files (x86)\Google\Chrome\Application\chrome.exe
[0713/203407.279:ERROR:process_memory_win.cc(73)] ReadMemory at 0x7ff9653a0000 of 64 bytes failed: Only part of a ReadProcessMemory or WriteProcessMemory request was completed. (0x12B)
[0713/203407.279:WARNING:pe_image_reader.cc(340)] could not read dos header from C:\Windows\SYSTEM32\ntdll.dll
[0713/203407.279:ERROR:process_memory_win.cc(73)] ReadMemory at 0x7ff962ae0000 of 64 bytes failed: Only part of a ReadProcessMemory or WriteProcessMemory request was completed. (0x12B)
[0713/203407.279:WARNING:pe_image_reader.cc(340)] could not read dos header from C:\Windows\System32\KERNEL32.DLL
[0713/203407.279:ERROR:process_memory_win.cc(73)] ReadMemory at 0x7ff961590000 of 64 bytes failed: Only part of a ReadProcessMemory or WriteProcessMemory request was completed. (0x12B)
[0713/203407.279:WARNING:pe_image_reader.cc(340)] could not read dos header from C:\Windows\System32\KERNELBASE.dll
[0713/203407.279:ERROR:process_memory_win.cc(73)] ReadMemory at 0x7ff93e0d0000 of 64 bytes failed: Only part of a ReadProcessMemory or WriteProcessMemory request was completed. (0x12B)
[0713/203407.279:WARNING:pe_image_reader.cc(340)] could not read dos header from C:\Program Files (x86)\Google\Chrome\Application\83.0.4103.116\chrome_elf.dll
[0713/203407.279:ERROR:process_memory_win.cc(73)] ReadMemory at 0x7ff9556c0000 of 64 bytes failed: Only part of a ReadProcessMemory or WriteProcessMemory request was completed. (0x12B)
[0713/203407.279:WARNING:pe_image_reader.cc(340)] could not read dos header from C:\Windows\SYSTEM32\VERSION.dll
[0713/203407.279:ERROR:process_memory_win.cc(73)] ReadMemory at 0x7ff963510000 of 64 bytes failed: Only part of a ReadProcessMemory or WriteProcessMemory request was completed. (0x12B)
[0713/203407.279:WARNING:pe_image_reader.cc(340)] could not read dos header from C:\Windows\System32\msvcrt.dll
[0713/203407.279:ERROR:process_memory_win.cc(73)] ReadMemory at 0x7ff961c10000 of 64 bytes failed: Only part of a ReadProcessMemory or WriteProcessMemory request was completed. (0x12B)
[0713/203407.279:WARNING:pe_image_reader.cc(340)] could not read dos header from C:\Windows\System32\bcryptPrimitives.dll
[0713/203407.279:ERROR:process_memory_win.cc(73)] ReadMemory at 0x7ff9652c0000 of 64 bytes failed: Only part of a ReadProcessMemory or WriteProcessMemory request was completed. (0x12B)
[0713/203407.279:WARNING:pe_image_reader.cc(340)] could not read dos header from C:\Windows\System32\ADVAPI32.dll
[0713/203407.279:ERROR:process_memory_win.cc(73)] ReadMemory at 0x7ff963380000 of 64 bytes failed: Only part of a ReadProcessMemory or WriteProcessMemory request was completed. (0x12B)
[0713/203407.279:WARNING:pe_image_reader.cc(340)] could not read dos header from C:\Windows\System32\sechost.dll
[0713/203407.279:ERROR:process_memory_win.cc(73)] ReadMemory at 0x7ff9625e0000 of 64 bytes failed: Only part of a ReadProcessMemory or WriteProcessMemory request was completed. (0x12B)
[0713/203407.279:WARNING:pe_image_reader.cc(340)] could not read dos header from C:\Windows\System32\RPCRT4.dll
[0713/203407.279:ERROR:process_memory_win.cc(73)] ReadMemory at 0x7ff90d5a0000 of 64 bytes failed: Only part of a ReadProcessMemory or WriteProcessMemory request was completed. (0x12B)
[0713/203407.279:WARNING:pe_image_reader.cc(340)] could not read dos header from C:\Program Files (x86)\Google\Chrome\Application\83.0.4103.116\chrome.dll
[0713/203407.279:ERROR:process_memory_win.cc(73)] ReadMemory at 0x7ff963d50000 of 64 bytes failed: Only part of a ReadProcessMemory or WriteProcessMemory request was completed. (0x12B)
[0713/203407.279:WARNING:pe_image_reader.cc(340)] could not read dos header from C:\Windows\System32\WS2_32.dll
[0713/203407.279:ERROR:process_memory_win.cc(73)] ReadMemory at 0x7ff962710000 of 64 bytes failed: Only part of a ReadProcessMemory or WriteProcessMemory request was completed. (0x12B)
[0713/203407.279:WARNING:pe_image_reader.cc(340)] could not read dos header from C:\Windows\System32\OLEAUT32.dll
[0713/203407.279:ERROR:process_memory_win.cc(73)] ReadMemory at 0x7ff961960000 of 64 bytes failed: Only part of a ReadProcessMemory or WriteProcessMemory request was completed. (0x12B)
[0713/203407.279:WARNING:pe_image_reader.cc(340)] could not read dos header from C:\Windows\System32\msvcp_win.dll
[0713/203407.279:ERROR:process_memory_win.cc(73)] ReadMemory at 0x7ff961830000 of 64 bytes failed: Only part of a ReadProcessMemory or WriteProcessMemory request was completed. (0x12B)
[0713/203407.279:WARNING:pe_image_reader.cc(340)] could not read dos header from C:\Windows\System32\ucrtbase.dll
[0713/203407.279:ERROR:process_memory_win.cc(73)] ReadMemory at 0x7ff962e10000 of 64 bytes failed: Only part of a ReadProcessMemory or WriteProcessMemory request was completed. (0x12B)
[0713/203407.279:WARNING:pe_image_reader.cc(340)] could not read dos header from C:\Windows\System32\combase.dll
[0713/203407.279:ERROR:process_memory_win.cc(73)] ReadMemory at 0x7ff961460000 of 64 bytes failed: Only part of a ReadProcessMemory or WriteProcessMemory request was completed. (0x12B)
[0713/203407.279:WARNING:pe_image_reader.cc(340)] could not read dos header from C:\Windows\System32\WINTRUST.dll
[0713/203407.279:ERROR:process_memory_win.cc(73)] ReadMemory at 0x7ff961440000 of 64 bytes failed: Only part of a ReadProcessMemory or WriteProcessMemory request was completed. (0x12B)
[0713/203407.279:WARNING:pe_image_reader.cc(340)] could not read dos header from C:\Windows\System32\MSASN1.dll
[0713/203407.279:ERROR:process_memory_win.cc(73)] ReadMemory at 0x7ff9623e0000 of 64 bytes failed: Only part of a ReadProcessMemory or WriteProcessMemory request was completed. (0x12B)
[0713/203407.279:WARNING:pe_image_reader.cc(340)] could not read dos header from C:\Windows\System32\CRYPT32.dll
[0713/203407.279:ERROR:process_memory_win.cc(73)] ReadMemory at 0x7ff960910000 of 64 bytes failed: Only part of a ReadProcessMemory or WriteProcessMemory request was completed. (0x12B)
[0713/203407.279:WARNING:pe_image_reader.cc(340)] could not read dos header from C:\Windows\SYSTEM32\IPHLPAPI.DLL
[0713/203407.279:ERROR:process_memory_win.cc(73)] ReadMemory at 0x7ff95ea30000 of 64 bytes failed: Only part of a ReadProcessMemory or WriteProcessMemory request was completed. (0x12B)
[0713/203407.279:WARNING:pe_image_reader.cc(340)] could not read dos header from C:\Windows\SYSTEM32\WINMM.dll
[0713/203407.279:ERROR:process_memory_win.cc(73)] ReadMemory at 0x7ff94e150000 of 64 bytes failed: Only part of a ReadProcessMemory or WriteProcessMemory request was completed. (0x12B)
[0713/203407.279:WARNING:pe_image_reader.cc(340)] could not read dos header from C:\Windows\SYSTEM32\Secur32.dll
[0713/203407.279:ERROR:process_memory_win.cc(73)] ReadMemory at 0x7ff961280000 of 64 bytes failed: Only part of a ReadProcessMemory or WriteProcessMemory request was completed. (0x12B)
[0713/203407.279:WARNING:pe_image_reader.cc(340)] could not read dos header from C:\Windows\SYSTEM32\USERENV.dll
[0713/203407.279:ERROR:process_memory_win.cc(73)] ReadMemory at 0x7ff961390000 of 64 bytes failed: Only part of a ReadProcessMemory or WriteProcessMemory request was completed. (0x12B)
[0713/203407.279:WARNING:pe_image_reader.cc(340)] could not read dos header from C:\Windows\System32\profapi.dll
[0713/203407.279:ERROR:process_memory_win.cc(73)] ReadMemory at 0x7ff93eea0000 of 64 bytes failed: Only part of a ReadProcessMemory or WriteProcessMemory request was completed. (0x12B)
[0713/203407.279:WARNING:pe_image_reader.cc(340)] could not read dos header from C:\Windows\SYSTEM32\UIAutomationCore.DLL
[0713/203407.279:ERROR:process_memory_win.cc(73)] ReadMemory at 0x7ff947860000 of 64 bytes failed: Only part of a ReadProcessMemory or WriteProcessMemory request was completed. (0x12B)
[0713/203407.279:WARNING:pe_image_reader.cc(340)] could not read dos header from C:\Windows\SYSTEM32\DWrite.dll
[0713/203407.279:ERROR:process_memory_win.cc(73)] ReadMemory at 0x7ff93c190000 of 64 bytes failed: Only part of a ReadProcessMemory or WriteProcessMemory request was completed. (0x12B)
[0713/203407.279:WARNING:pe_image_reader.cc(340)] could not read dos header from C:\Windows\SYSTEM32\WINSPOOL.DRV
[0713/203407.279:ERROR:process_memory_win.cc(73)] ReadMemory at 0x7ff9613c0000 of 64 bytes failed: Only part of a ReadProcessMemory or WriteProcessMemory request was completed. (0x12B)
[0713/203407.279:WARNING:pe_image_reader.cc(340)] could not read dos header from C:\Windows\System32\kernel.appcore.dll
[0713/203407.279:ERROR:process_memory_win.cc(73)] ReadMemory at 0x7ff961930000 of 64 bytes failed: Only part of a ReadProcessMemory or WriteProcessMemory request was completed. (0x12B)
[0713/203407.279:WARNING:pe_image_reader.cc(340)] could not read dos header from C:\Windows\System32\bcrypt.dll
[0713/203407.279:ERROR:process_memory_win.cc(73)] ReadMemory at 0x7ff95fd20000 of 64 bytes failed: Only part of a ReadProcessMemory or WriteProcessMemory request was completed. (0x12B)
[0713/203407.279:WARNING:pe_image_reader.cc(340)] could not read dos header from C:\Windows\SYSTEM32\dbghelp.dll
[0713/203407.279:ERROR:process_memory_win.cc(73)] ReadMemory at 0x7ff953ff0000 of 64 bytes failed: Only part of a ReadProcessMemory or WriteProcessMemory request was completed. (0x12B)
[0713/203407.279:WARNING:pe_image_reader.cc(340)] could not read dos header from C:\Windows\SYSTEM32\WINHTTP.dll
[0713/203407.279:ERROR:process_memory_win.cc(73)] ReadMemory at 0x7ff954730000 of 64 bytes failed: Only part of a ReadProcessMemory or WriteProcessMemory request was completed. (0x12B)
[0713/203407.279:WARNING:pe_image_reader.cc(340)] could not read dos header from C:\Windows\SYSTEM32\dhcpcsvc.DLL
[0713/203407.279:ERROR:process_memory_win.cc(73)] ReadMemory at 0x7ff963420000 of 64 bytes failed: Only part of a ReadProcessMemory or WriteProcessMemory request was completed. (0x12B)
[0713/203407.279:WARNING:pe_image_reader.cc(340)] could not read dos header from C:\Windows\System32\NSI.dll
[0713/203407.279:ERROR:process_memory_win.cc(73)] ReadMemory at 0x7ff95e830000 of 64 bytes failed: Only part of a ReadProcessMemory or WriteProcessMemory request was completed. (0x12B)
[0713/203407.279:WARNING:pe_image_reader.cc(340)] could not read dos header from C:\Windows\SYSTEM32\WINMMBASE.dll
[0713/203407.279:ERROR:process_memory_win.cc(73)] ReadMemory at 0x7ff961bc0000 of 64 bytes failed: Only part of a ReadProcessMemory or WriteProcessMemory request was completed. (0x12B)
[0713/203407.279:WARNING:pe_image_reader.cc(340)] could not read dos header from C:\Windows\System32\cfgmgr32.dll
[0713/203407.279:ERROR:process_memory_win.cc(73)] ReadMemory at 0x7ff951d00000 of 64 bytes failed: Only part of a ReadProcessMemory or WriteProcessMemory request was completed. (0x12B)
[0713/203407.279:WARNING:pe_image_reader.cc(340)] could not read dos header from C:\Windows\SYSTEM32\Bcp47Langs.dll
[0713/203407.279:ERROR:process_memory_win.cc(73)] ReadMemory at 0x7ff95fa50000 of 64 bytes failed: Only part of a ReadProcessMemory or WriteProcessMemory request was completed. (0x12B)
[0713/203407.279:WARNING:pe_image_reader.cc(340)] could not read dos header from C:\Windows\SYSTEM32\PROPSYS.dll
[0713/203407.283:ERROR:process_memory_win.cc(73)] ReadMemory at 0x7ff963ca0000 of 64 bytes failed: Only part of a ReadProcessMemory or WriteProcessMemory request was completed. (0x12B)
[0713/203407.283:WARNING:pe_image_reader.cc(340)] could not read dos header from C:\Windows\System32\shcore.dll
[0713/203407.283:ERROR:process_memory_win.cc(73)] ReadMemory at 0x7ff9612b0000 of 64 bytes failed: Only part of a ReadProcessMemory or WriteProcessMemory request was completed. (0x12B)
[0713/203407.283:WARNING:pe_image_reader.cc(340)] could not read dos header from C:\Windows\SYSTEM32\SSPICLI.DLL
[0713/203407.283:ERROR:process_memory_win.cc(73)] ReadMemory at 0x7ff960dc0000 of 64 bytes failed: Only part of a ReadProcessMemory or WriteProcessMemory request was completed. (0x12B)
[0713/203407.283:WARNING:pe_image_reader.cc(340)] could not read dos header from C:\Windows\SYSTEM32\CRYPTBASE.DLL
[0713/203407.318:ERROR:process_memory_win.cc(73)] ReadMemory at 0x91447f5000 of 45056 bytes failed: Only part of a ReadProcessMemory or WriteProcessMemory request was completed. (0x12B)
[0713/203407.318:ERROR:process_memory_win.cc(73)] ReadMemory at 0x9144ffd000 of 12288 bytes failed: Only part of a ReadProcessMemory or WriteProcessMemory request was completed. (0x12B)
[0713/203407.318:ERROR:process_memory_win.cc(73)] ReadMemory at 0x91457fd000 of 12288 bytes failed: Only part of a ReadProcessMemory or WriteProcessMemory request was completed. (0x12B)
[0713/203407.318:ERROR:process_memory_win.cc(73)] ReadMemory at 0x9145ffc000 of 16384 bytes failed: Only part of a ReadProcessMemory or WriteProcessMemory request was completed. (0x12B)
[0713/203407.369:ERROR:process_memory_win.cc(73)] ReadMemory at 0x91467fc000 of 16384 bytes failed: Only part of a ReadProcessMemory or WriteProcessMemory request was completed. (0x12B)
[0713/203407.369:ERROR:process_memory_win.cc(73)] ReadMemory at 0x9146ffe000 of 8192 bytes failed: Only part of a ReadProcessMemory or WriteProcessMemory request was completed. (0x12B)
[0713/203407.369:ERROR:process_memory_win.cc(73)] ReadMemory at 0x91477fd000 of 12288 bytes failed: Only part of a ReadProcessMemory or WriteProcessMemory request was completed. (0x12B)
[0713/203407.369:ERROR:process_memory_win.cc(73)] ReadMemory at 0x9147ffb000 of 20480 bytes failed: Only part of a ReadProcessMemory or WriteProcessMemory request was completed. (0x12B)
[0713/203407.369:ERROR:process_memory_win.cc(73)] ReadMemory at 0x9148ffd000 of 12288 bytes failed: Only part of a ReadProcessMemory or WriteProcessMemory request was completed. (0x12B)
[0713/203407.369:ERROR:process_memory_win.cc(73)] ReadMemory at 0x91497fd000 of 12288 bytes failed: Only part of a ReadProcessMemory or WriteProcessMemory request was completed. (0x12B)
[0713/203407.369:ERROR:process_memory_win.cc(73)] ReadMemory at 0x9149ffd000 of 12288 bytes failed: Only part of a ReadProcessMemory or WriteProcessMemory request was completed. (0x12B)
[0713/203407.369:ERROR:process_memory_win.cc(73)] ReadMemory at 0x914a7fd000 of 12288 bytes failed: Only part of a ReadProcessMemory or WriteProcessMemory request was completed. (0x12B)
[0713/203407.369:ERROR:process_memory_win.cc(73)] ReadMemory at 0x914affd000 of 12288 bytes failed: Only part of a ReadProcessMemory or WriteProcessMemory request was completed. (0x12B)
[0713/203407.369:ERROR:process_memory_win.cc(73)] ReadMemory at 0x914b7fd000 of 12288 bytes failed: Only part of a ReadProcessMemory or WriteProcessMemory request was completed. (0x12B)
[0713/203407.369:ERROR:process_memory_win.cc(73)] ReadMemory at 0x9143f6c000 of 852 bytes failed: Only part of a ReadProcessMemory or WriteProcessMemory request was completed. (0x12B)
[0713/203407.408:ERROR:process_memory_win.cc(73)] ReadMemory at 0x9143f6d000 of 6024 bytes failed: Only part of a ReadProcessMemory or WriteProcessMemory request was completed. (0x12B)
[0713/203407.408:ERROR:process_memory_win.cc(73)] ReadMemory at 0x9143f6f000 of 6024 bytes failed: Only part of a ReadProcessMemory or WriteProcessMemory request was completed. (0x12B)
[0713/203407.408:ERROR:process_memory_win.cc(73)] ReadMemory at 0x9143f71000 of 6024 bytes failed: Only part of a ReadProcessMemory or WriteProcessMemory request was completed. (0x12B)
[0713/203407.408:ERROR:process_memory_win.cc(73)] ReadMemory at 0x9143f73000 of 6024 bytes failed: Only part of a ReadProcessMemory or WriteProcessMemory request was completed. (0x12B)
[0713/203407.408:ERROR:process_memory_win.cc(73)] ReadMemory at 0x9143f75000 of 6024 bytes failed: Only part of a ReadProcessMemory or WriteProcessMemory request was completed. (0x12B)
[0713/203407.408:ERROR:process_memory_win.cc(73)] ReadMemory at 0x9143f77000 of 6024 bytes failed: Only part of a ReadProcessMemory or WriteProcessMemory request was completed. (0x12B)
[0713/203407.408:ERROR:process_memory_win.cc(73)] ReadMemory at 0x9143f79000 of 6024 bytes failed: Only part of a ReadProcessMemory or WriteProcessMemory request was completed. (0x12B)
[0713/203407.408:ERROR:process_memory_win.cc(73)] ReadMemory at 0x9143f7b000 of 6024 bytes failed: Only part of a ReadProcessMemory or WriteProcessMemory request was completed. (0x12B)
[0713/203407.408:ERROR:process_memory_win.cc(73)] ReadMemory at 0x9143f7f000 of 6024 bytes failed: Only part of a ReadProcessMemory or WriteProcessMemory request was completed. (0x12B)
[0713/203407.408:ERROR:process_memory_win.cc(73)] ReadMemory at 0x9143f81000 of 6024 bytes failed: Only part of a ReadProcessMemory or WriteProcessMemory request was completed. (0x12B)
[0713/203407.408:ERROR:process_memory_win.cc(73)] ReadMemory at 0x9143f83000 of 6024 bytes failed: Only part of a ReadProcessMemory or WriteProcessMemory request was completed. (0x12B)
[0713/203407.408:ERROR:process_memory_win.cc(73)] ReadMemory at 0x9143f85000 of 6024 bytes failed: Only part of a ReadProcessMemory or WriteProcessMemory request was completed. (0x12B)
[0713/203407.408:ERROR:process_memory_win.cc(73)] ReadMemory at 0x9143f87000 of 6024 bytes failed: Only part of a ReadProcessMemory or WriteProcessMemory request was completed. (0x12B)
[0713/203407.408:ERROR:process_memory_win.cc(73)] ReadMemory at 0x9143f89000 of 6024 bytes failed: Only part of a ReadProcessMemory or WriteProcessMemory request was completed. (0x12B)
[0713/203407.408:ERROR:process_memory_win.cc(73)] ReadMemory at 0x13900000000 of 384 bytes failed: Only part of a ReadProcessMemory or WriteProcessMemory request was completed. (0x12B)
[0713/203407.408:ERROR:process_memory_win.cc(73)] ReadMemory at 0x13908040431 of 512 bytes failed: Only part of a ReadProcessMemory or WriteProcessMemory request was completed. (0x12B)
[0713/203407.408:ERROR:process_memory_win.cc(73)] ReadMemory at 0x13917802d48 of 513 bytes failed: Only part of a ReadProcessMemory or WriteProcessMemory request was completed. (0x12B)
[0713/203407.439:ERROR:process_memory_win.cc(73)] ReadMemory at 0x139178516e0 of 512 bytes failed: Only part of a ReadProcessMemory or WriteProcessMemory request was completed. (0x12B)
[0713/203407.439:ERROR:process_memory_win.cc(73)] ReadMemory at 0x1391791e5e8 of 512 bytes failed: Only part of a ReadProcessMemory or WriteProcessMemory request was completed. (0x12B)
[0713/203407.439:ERROR:process_memory_win.cc(73)] ReadMemory at 0x24fa22d0fe0 of 5460 bytes failed: Only part of a ReadProcessMemory or WriteProcessMemory request was completed. (0x12B)
[0713/203407.439:ERROR:process_memory_win.cc(73)] ReadMemory at 0x24fa22d2540 of 1012 bytes failed: Only part of a ReadProcessMemory or WriteProcessMemory request was completed. (0x12B)
[0713/203407.439:ERROR:process_memory_win.cc(73)] ReadMemory at 0x24fa22d2b68 of 118 bytes failed: Only part of a ReadProcessMemory or WriteProcessMemory request was completed. (0x12B)
[0713/203407.498:ERROR:process_memory_win.cc(73)] ReadMemory at 0x24fa22d2be0 of 752 bytes failed: Only part of a ReadProcessMemory or WriteProcessMemory request was completed. (0x12B)
[0713/203407.498:ERROR:process_memory_win.cc(73)] ReadMemory at 0x24fa22d2ed2 of 118 bytes failed: Only part of a ReadProcessMemory or WriteProcessMemory request was completed. (0x12B)
[0713/203407.498:ERROR:process_memory_win.cc(73)] ReadMemory at 0x24fa22d2f4a of 102 bytes failed: Only part of a ReadProcessMemory or WriteProcessMemory request was completed. (0x12B)
[0713/203407.498:ERROR:process_memory_win.cc(73)] ReadMemory at 0x24fa22d2fc0 of 58 bytes failed: Only part of a ReadProcessMemory or WriteProcessMemory request was completed. (0x12B)
[0713/203407.498:ERROR:process_memory_win.cc(73)] ReadMemory at 0x24fa22d30c0 of 132 bytes failed: Only part of a ReadProcessMemory or WriteProcessMemory request was completed. (0x12B)
[0713/203407.498:ERROR:process_memory_win.cc(73)] ReadMemory at 0x24fa22d3250 of 132 bytes failed: Only part of a ReadProcessMemory or WriteProcessMemory request was completed. (0x12B)
[0713/203407.498:ERROR:process_memory_win.cc(73)] ReadMemory at 0x24fa22d3410 of 126 bytes failed: Only part of a ReadProcessMemory or WriteProcessMemory request was completed. (0x12B)
[0713/203407.498:ERROR:process_memory_win.cc(73)] ReadMemory at 0x24fa22d37f0 of 132 bytes failed: Only part of a ReadProcessMemory or WriteProcessMemory request was completed. (0x12B)
[0713/203407.498:ERROR:process_memory_win.cc(73)] ReadMemory at 0x24fa22d3980 of 64 bytes failed: Only part of a ReadProcessMemory or WriteProcessMemory request was completed. (0x12B)
[0713/203407.498:ERROR:process_memory_win.cc(73)] ReadMemory at 0x24fa22d39d0 of 132 bytes failed: Only part of a ReadProcessMemory or WriteProcessMemory request was completed. (0x12B)
[0713/203407.498:ERROR:process_memory_win.cc(73)] ReadMemory at 0x24fa22d3de0 of 132 bytes failed: Only part of a ReadProcessMemory or WriteProcessMemory request was completed. (0x12B)
[0713/203407.498:ERROR:process_memory_win.cc(73)] ReadMemory at 0x24fa22d3f70 of 68 bytes failed: Only part of a ReadProcessMemory or WriteProcessMemory request was completed. (0x12B)
[0713/203407.498:ERROR:process_memory_win.cc(73)] ReadMemory at 0x24fa22d4e60 of 132 bytes failed: Only part of a ReadProcessMemory or WriteProcessMemory request was completed. (0x12B)
[0713/203407.498:ERROR:process_memory_win.cc(73)] ReadMemory at 0x24fa22d4fd0 of 132 bytes failed: Only part of a ReadProcessMemory or WriteProcessMemory request was completed. (0x12B)
[0713/203407.498:ERROR:process_memory_win.cc(73)] ReadMemory at 0x24fa22d5100 of 154 bytes failed: Only part of a ReadProcessMemory or WriteProcessMemory request was completed. (0x12B)
[0713/203407.498:ERROR:process_memory_win.cc(73)] ReadMemory at 0x24fa22d5ca0 of 132 bytes failed: Only part of a ReadProcessMemory or WriteProcessMemory request was completed. (0x12B)
[0713/203407.498:ERROR:process_memory_win.cc(73)] ReadMemory at 0x24fa22d5ed0 of 62 bytes failed: Only part of a ReadProcessMemory or WriteProcessMemory request was completed. (0x12B)
[0713/203407.498:ERROR:process_memory_win.cc(73)] ReadMemory at 0x24fa22d5f50 of 146 bytes failed: Only part of a ReadProcessMemory or WriteProcessMemory request was completed. (0x12B)
[0713/203407.549:ERROR:process_memory_win.cc(73)] ReadMemory at 0x24fa22d6030 of 132 bytes failed: Only part of a ReadProcessMemory or WriteProcessMemory request was completed. (0x12B)
[0713/203407.549:ERROR:process_memory_win.cc(73)] ReadMemory at 0x24fa22d61c0 of 60 bytes failed: Only part of a ReadProcessMemory or WriteProcessMemory request was completed. (0x12B)
[0713/203407.549:ERROR:process_memory_win.cc(73)] ReadMemory at 0x24fa22db540 of 132 bytes failed: Only part of a ReadProcessMemory or WriteProcessMemory request was completed. (0x12B)
[0713/203407.549:ERROR:process_memory_win.cc(73)] ReadMemory at 0x24fa22db670 of 132 bytes failed: Only part of a ReadProcessMemory or WriteProcessMemory request was completed. (0x12B)
[0713/203407.549:ERROR:process_memory_win.cc(73)] ReadMemory at 0x24fa22db800 of 80 bytes failed: Only part of a ReadProcessMemory or WriteProcessMemory request was completed. (0x12B)
[0713/203407.549:ERROR:process_memory_win.cc(73)] ReadMemory at 0x24fa22db9a0 of 64 bytes failed: Only part of a ReadProcessMemory or WriteProcessMemory request was completed. (0x12B)
[0713/203407.580:ERROR:process_memory_win.cc(73)] ReadMemory at 0x24fa22db9f0 of 62 bytes failed: Only part of a ReadProcessMemory or WriteProcessMemory request was completed. (0x12B)
[0713/203407.588:ERROR:process_memory_win.cc(73)] ReadMemory at 0x24fa22dba40 of 64 bytes failed: Only part of a ReadProcessMemory or WriteProcessMemory request was completed. (0x12B)
[0713/203407.588:ERROR:process_memory_win.cc(73)] ReadMemory at 0x24fa22dba90 of 64 bytes failed: Only part of a ReadProcessMemory or WriteProcessMemory request was completed. (0x12B)
[0713/203407.588:ERROR:process_memory_win.cc(73)] ReadMemory at 0x24fa22dbb30 of 60 bytes failed: Only part of a ReadProcessMemory or WriteProcessMemory request was completed. (0x12B)
[0713/203407.588:ERROR:process_memory_win.cc(73)] ReadMemory at 0x24fa22dbd10 of 62 bytes failed: Only part of a ReadProcessMemory or WriteProcessMemory request was completed. (0x12B)
[0713/203407.588:ERROR:process_memory_win.cc(73)] ReadMemory at 0x24fa22dbea0 of 64 bytes failed: Only part of a ReadProcessMemory or WriteProcessMemory request was completed. (0x12B)
[0713/203407.588:ERROR:process_memory_win.cc(73)] ReadMemory at 0x24fa22dbf40 of 60 bytes failed: Only part of a ReadProcessMemory or WriteProcessMemory request was completed. (0x12B)
[0713/203407.588:ERROR:process_memory_win.cc(73)] ReadMemory at 0x24fa22dbf90 of 66 bytes failed: Only part of a ReadProcessMemory or WriteProcessMemory request was completed. (0x12B)
[0713/203407.588:ERROR:process_memory_win.cc(73)] ReadMemory at 0x24fa22dcb90 of 76 bytes failed: Only part of a ReadProcessMemory or WriteProcessMemory request was completed. (0x12B)
[0713/203407.588:ERROR:process_memory_win.cc(73)] ReadMemory at 0x24fa22dd490 of 80 bytes failed: Only part of a ReadProcessMemory or WriteProcessMemory request was completed. (0x12B)
[0713/203407.588:ERROR:process_memory_win.cc(73)] ReadMemory at 0x24fa22dfe90 of 132 bytes failed: Only part of a ReadProcessMemory or WriteProcessMemory request was completed. (0x12B)
[0713/203407.588:ERROR:process_memory_win.cc(73)] ReadMemory at 0x24fa22e03f0 of 132 bytes failed: Only part of a ReadProcessMemory or WriteProcessMemory request was completed. (0x12B)
[0713/203407.588:ERROR:process_memory_win.cc(73)] ReadMemory at 0x24fa22e1270 of 54 bytes failed: Only part of a ReadProcessMemory or WriteProcessMemory request was completed. (0x12B)
[0713/203407.588:ERROR:process_memory_win.cc(73)] ReadMemory at 0x24fa22e1ab0 of 132 bytes failed: Only part of a ReadProcessMemory or WriteProcessMemory request was completed. (0x12B)
[0713/203407.588:ERROR:process_memory_win.cc(73)] ReadMemory at 0x24fa22e34e0 of 132 bytes failed: Only part of a ReadProcessMemory or WriteProcessMemory request was completed. (0x12B)
[0713/203407.629:ERROR:process_memory_win.cc(73)] ReadMemory at 0x24fa22e5030 of 132 bytes failed: Only part of a ReadProcessMemory or WriteProcessMemory request was completed. (0x12B)
[0713/203407.629:ERROR:process_memory_win.cc(73)] ReadMemory at 0x24fa22e5240 of 132 bytes failed: Only part of a ReadProcessMemory or WriteProcessMemory request was completed. (0x12B)
[0713/203407.629:ERROR:process_memory_win.cc(73)] ReadMemory at 0x24fa22e5d80 of 132 bytes failed: Only part of a ReadProcessMemory or WriteProcessMemory request was completed. (0x12B)
[0713/203407.629:ERROR:process_memory_win.cc(73)] ReadMemory at 0x24fa22e5eb0 of 132 bytes failed: Only part of a ReadProcessMemory or WriteProcessMemory request was completed. (0x12B)
[0713/203407.629:ERROR:process_memory_win.cc(73)] ReadMemory at 0x24fa22e5fe0 of 132 bytes failed: Only part of a ReadProcessMemory or WriteProcessMemory request was completed. (0x12B)
[0713/203407.629:ERROR:process_memory_win.cc(73)] ReadMemory at 0x24fa22e6110 of 132 bytes failed: Only part of a ReadProcessMemory or WriteProcessMemory request was completed. (0x12B)
[0713/203407.629:ERROR:process_memory_win.cc(73)] ReadMemory at 0x24fa22e6240 of 132 bytes failed: Only part of a ReadProcessMemory or WriteProcessMemory request was completed. (0x12B)
[0713/203407.629:ERROR:process_memory_win.cc(73)] ReadMemory at 0x24fa22e6370 of 132 bytes failed: Only part of a ReadProcessMemory or WriteProcessMemory request was completed. (0x12B)
[0713/203407.629:ERROR:process_memory_win.cc(73)] ReadMemory at 0x24fa22e65d0 of 132 bytes failed: Only part of a ReadProcessMemory or WriteProcessMemory request was completed. (0x12B)
[0713/203407.629:ERROR:process_memory_win.cc(73)] ReadMemory at 0x24fa22e6700 of 132 bytes failed: Only part of a ReadProcessMemory or WriteProcessMemory request was completed. (0x12B)
[0713/203407.629:ERROR:process_memory_win.cc(73)] ReadMemory at 0x24fa22e6830 of 132 bytes failed: Only part of a ReadProcessMemory or WriteProcessMemory request was completed. (0x12B)
[0713/203407.629:ERROR:process_memory_win.cc(73)] ReadMemory at 0x24fa22e6960 of 132 bytes failed: Only part of a ReadProcessMemory or WriteProcessMemory request was completed. (0x12B)
[0713/203407.629:ERROR:process_memory_win.cc(73)] ReadMemory at 0x24fa22e6a90 of 132 bytes failed: Only part of a ReadProcessMemory or WriteProcessMemory request was completed. (0x12B)
[0713/203407.629:ERROR:process_memory_win.cc(73)] ReadMemory at 0x24fa22e6bc0 of 132 bytes failed: Only part of a ReadProcessMemory or WriteProcessMemory request was completed. (0x12B)
[0713/203407.629:ERROR:process_memory_win.cc(73)] ReadMemory at 0x24fa22e7200 of 64 bytes failed: Only part of a ReadProcessMemory or WriteProcessMemory request was completed. (0x12B)
[0713/203407.668:ERROR:process_memory_win.cc(73)] ReadMemory at 0x24fa22e7250 of 62 bytes failed: Only part of a ReadProcessMemory or WriteProcessMemory request was completed. (0x12B)
[0713/203407.668:ERROR:process_memory_win.cc(73)] ReadMemory at 0x24fa22e73e0 of 62 bytes failed: Only part of a ReadProcessMemory or WriteProcessMemory request was completed. (0x12B)
[0713/203407.668:ERROR:process_memory_win.cc(73)] ReadMemory at 0x24fa22e7520 of 62 bytes failed: Only part of a ReadProcessMemory or WriteProcessMemory request was completed. (0x12B)
[0713/203407.668:ERROR:process_memory_win.cc(73)] ReadMemory at 0x24fa22e7570 of 64 bytes failed: Only part of a ReadProcessMemory or WriteProcessMemory request was completed. (0x12B)
[0713/203407.780:ERROR:process_memory_win.cc(73)] ReadMemory at 0x24fa22e76b0 of 60 bytes failed: Only part of a ReadProcessMemory or WriteProcessMemory request was completed. (0x12B)
[0713/203407.818:ERROR:process_memory_win.cc(73)] ReadMemory at 0x24fa22e7700 of 62 bytes failed: Only part of a ReadProcessMemory or WriteProcessMemory request was completed. (0x12B)
[0713/203407.828:ERROR:process_memory_win.cc(73)] ReadMemory at 0x24fa22e7890 of 64 bytes failed: Only part of a ReadProcessMemory or WriteProcessMemory request was completed. (0x12B)
[0713/203407.828:ERROR:process_memory_win.cc(73)] ReadMemory at 0x24fa22e78e0 of 62 bytes failed: Only part of a ReadProcessMemory or WriteProcessMemory request was completed. (0x12B)
[0713/203407.828:ERROR:process_memory_win.cc(73)] ReadMemory at 0x24fa22e7a70 of 62 bytes failed: Only part of a ReadProcessMemory or WriteProcessMemory request was completed. (0x12B)
[0713/203407.828:ERROR:process_memory_win.cc(73)] ReadMemory at 0x24fa22e7ac0 of 62 bytes failed: Only part of a ReadProcessMemory or WriteProcessMemory request was completed. (0x12B)
[0713/203407.828:ERROR:process_memory_win.cc(73)] ReadMemory at 0x24fa22e7c50 of 62 bytes failed: Only part of a ReadProcessMemory or WriteProcessMemory request was completed. (0x12B)
[0713/203407.828:ERROR:process_memory_win.cc(73)] ReadMemory at 0x24fa22e7ca0 of 64 bytes failed: Only part of a ReadProcessMemory or WriteProcessMemory request was completed. (0x12B)
[0713/203407.828:ERROR:process_memory_win.cc(73)] ReadMemory at 0x24fa22e7d40 of 60 bytes failed: Only part of a ReadProcessMemory or WriteProcessMemory request was completed. (0x12B)
[0713/203407.828:ERROR:process_memory_win.cc(73)] ReadMemory at 0x24fa22e7de0 of 60 bytes failed: Only part of a ReadProcessMemory or WriteProcessMemory request was completed. (0x12B)
[0713/203407.828:ERROR:process_memory_win.cc(73)] ReadMemory at 0x24fa22e7e30 of 60 bytes failed: Only part of a ReadProcessMemory or WriteProcessMemory request was completed. (0x12B)
[0713/203407.828:ERROR:process_memory_win.cc(73)] ReadMemory at 0x24fa22e7e80 of 66 bytes failed: Only part of a ReadProcessMemory or WriteProcessMemory request was completed. (0x12B)
[0713/203407.828:ERROR:process_memory_win.cc(73)] ReadMemory at 0x24fa22e7ed0 of 58 bytes failed: Only part of a ReadProcessMemory or WriteProcessMemory request was completed. (0x12B)
[0713/203407.828:ERROR:process_memory_win.cc(73)] ReadMemory at 0x24fa22e7f20 of 68 bytes failed: Only part of a ReadProcessMemory or WriteProcessMemory request was completed. (0x12B)
[0713/203407.889:ERROR:process_memory_win.cc(73)] ReadMemory at 0x24fa22e8030 of 132 bytes failed: Only part of a ReadProcessMemory or WriteProcessMemory request was completed. (0x12B)
[0713/203407.889:ERROR:process_memory_win.cc(73)] ReadMemory at 0x24fa22e8160 of 132 bytes failed: Only part of a ReadProcessMemory or WriteProcessMemory request was completed. (0x12B)
[0713/203407.889:ERROR:process_memory_win.cc(73)] ReadMemory at 0x24fa22e89b0 of 132 bytes failed: Only part of a ReadProcessMemory or WriteProcessMemory request was completed. (0x12B)
[0713/203407.889:ERROR:process_memory_win.cc(73)] ReadMemory at 0x24fa22e8ae0 of 132 bytes failed: Only part of a ReadProcessMemory or WriteProcessMemory request was completed. (0x12B)
[0713/203407.889:ERROR:process_memory_win.cc(73)] ReadMemory at 0x24fa22e8fa0 of 132 bytes failed: Only part of a ReadProcessMemory or WriteProcessMemory request was completed. (0x12B)
[0713/203407.889:ERROR:process_memory_win.cc(73)] ReadMemory at 0x24fa22e9200 of 132 bytes failed: Only part of a ReadProcessMemory or WriteProcessMemory request was completed. (0x12B)
[0713/203407.889:ERROR:process_memory_win.cc(73)] ReadMemory at 0x24fa22e9330 of 132 bytes failed: Only part of a ReadProcessMemory or WriteProcessMemory request was completed. (0x12B)
[0713/203407.889:ERROR:process_memory_win.cc(73)] ReadMemory at 0x24fa22e9590 of 132 bytes failed: Only part of a ReadProcessMemory or WriteProcessMemory request was completed. (0x12B)
[0713/203407.889:ERROR:process_memory_win.cc(73)] ReadMemory at 0x24fa22e97f0 of 132 bytes failed: Only part of a ReadProcessMemory or WriteProcessMemory request was completed. (0x12B)
[0713/203407.889:ERROR:process_memory_win.cc(73)] ReadMemory at 0x24fa22e9920 of 132 bytes failed: Only part of a ReadProcessMemory or WriteProcessMemory request was completed. (0x12B)
[0713/203407.889:ERROR:process_memory_win.cc(73)] ReadMemory at 0x24fa22e9cb0 of 132 bytes failed: Only part of a ReadProcessMemory or WriteProcessMemory request was completed. (0x12B)
[0713/203407.889:ERROR:process_memory_win.cc(73)] ReadMemory at 0x24fa23014f0 of 512 bytes failed: Only part of a ReadProcessMemory or WriteProcessMemory request was completed. (0x12B)
[0713/203407.889:ERROR:process_memory_win.cc(73)] ReadMemory at 0x24fa2302460 of 512 bytes failed: Only part of a ReadProcessMemory or WriteProcessMemory request was completed. (0x12B)
[0713/203407.889:ERROR:process_memory_win.cc(73)] ReadMemory at 0x24fa2640000 of 384 bytes failed: Only part of a ReadProcessMemory or WriteProcessMemory request was completed. (0x12B)
[0713/203407.899:ERROR:process_memory_win.cc(73)] ReadMemory at 0x24fa2666188 of 512 bytes failed: Only part of a ReadProcessMemory or WriteProcessMemory request was completed. (0x12B)
[0713/203407.969:ERROR:process_memory_win.cc(73)] ReadMemory at 0x24fa267f430 of 512 bytes failed: Only part of a ReadProcessMemory or WriteProcessMemory request was completed. (0x12B)
[0713/203407.969:ERROR:process_memory_win.cc(73)] ReadMemory at 0x24fa269a8e0 of 512 bytes failed: Only part of a ReadProcessMemory or WriteProcessMemory request was completed. (0x12B)
[0713/203407.969:ERROR:process_memory_win.cc(73)] ReadMemory at 0x24fa26a8f80 of 712 bytes failed: Only part of a ReadProcessMemory or WriteProcessMemory request was completed. (0x12B)
[0713/203407.969:ERROR:process_memory_win.cc(73)] ReadMemory at 0x24fa26aa8a0 of 512 bytes failed: Only part of a ReadProcessMemory or WriteProcessMemory request was completed. (0x12B)
[0713/203407.969:ERROR:process_memory_win.cc(73)] ReadMemory at 0x24fa26cd5c0 of 512 bytes failed: Only part of a ReadProcessMemory or WriteProcessMemory request was completed. (0x12B)
[0713/203407.969:ERROR:process_memory_win.cc(73)] ReadMemory at 0x24fa40bf7b0 of 512 bytes failed: Only part of a ReadProcessMemory or WriteProcessMemory request was completed. (0x12B)
[0713/203407.969:ERROR:process_memory_win.cc(73)] ReadMemory at 0x7ff90efe9cd6 of 552 bytes failed: Only part of a ReadProcessMemory or WriteProcessMemory request was completed. (0x12B)
[0713/203407.969:ERROR:process_memory_win.cc(73)] ReadMemory at 0x7ff90f189451 of 512 bytes failed: Only part of a ReadProcessMemory or WriteProcessMemory request was completed. (0x12B)
[0713/203407.969:ERROR:process_memory_win.cc(73)] ReadMemory at 0x7ff90f7b3f9c of 512 bytes failed: Only part of a ReadProcessMemory or WriteProcessMemory request was completed. (0x12B)
[0713/203407.969:ERROR:process_memory_win.cc(73)] ReadMemory at 0x7ff91407208a of 512 bytes failed: Only part of a ReadProcessMemory or WriteProcessMemory request was completed. (0x12B)
[0713/203407.969:ERROR:process_memory_win.cc(73)] ReadMemory at 0x7ff9615c9689 of 512 bytes failed: Only part of a ReadProcessMemory or WriteProcessMemory request was completed. (0x12B)
[0713/203407.969:ERROR:process_memory_win.cc(73)] ReadMemory at 0x7ff9653eff10 of 512 bytes failed: Only part of a ReadProcessMemory or WriteProcessMemory request was completed. (0x12B)
[0713/203407.978:ERROR:process_memory_win.cc(73)] ReadMemory at 0x7ff96543f764 of 672 bytes failed: Only part of a ReadProcessMemory or WriteProcessMemory request was completed. (0x12B)
[0713/203407.978:ERROR:process_memory_win.cc(73)] ReadMemory at 0x7ff96543fd64 of 512 bytes failed: Only part of a ReadProcessMemory or WriteProcessMemory request was completed. (0x12B)
[0713/203407.978:ERROR:process_memory_win.cc(73)] ReadMemory at 0x7ff965442ff4 of 608 bytes failed: Only part of a ReadProcessMemory or WriteProcessMemory request was completed. (0x12B)
[0713/203407.978:ERROR:process_memory_win.cc(73)] ReadMemory at 0x7ff9654cc0c8 of 18 bytes failed: Only part of a ReadProcessMemory or WriteProcessMemory request was completed. (0x12B)
[0713/203407.978:ERROR:process_memory_win.cc(73)] ReadMemory at 0x7ff9654ff4f8 of 40 bytes failed: Only part of a ReadProcessMemory or WriteProcessMemory request was completed. (0x12B)
[0713/203407.978:ERROR:process_memory_win.cc(73)] ReadMemory at 0x7ff9654ff978 of 48 bytes failed: Only part of a ReadProcessMemory or WriteProcessMemory request was completed. (0x12B)
[0713/203407.978:ERROR:process_memory_win.cc(73)] ReadMemory at 0x7ff9655053c0 of 64 bytes failed: Only part of a ReadProcessMemory or WriteProcessMemory request was completed. (0x12B)
[0713/203408.008:ERROR:scoped_process_suspend.cc(40)] NtResumeProcess: An attempt was made to access an exiting process. (0xc000010a)
